Terminals unused in grammar

    RESERVED


Grammar

    0 $accept: Program $end

    1 Program: FunctionsAndDeclarations

    2 FunctionsAndDeclarations: FunctionDefinition FunctionsAndDeclarationsList
    3                         | FunctionDeclaration FunctionsAndDeclarationsList
    4                         | Declaration FunctionsAndDeclarationsList

    5 FunctionsAndDeclarationsList: FunctionsAndDeclarations
    6                             | ε

    7 FunctionDefinition: TypeSpec FunctionDeclarator FunctionBody

    8 FunctionBody: LBRACE DeclarationsAndStatements RBRACE
    9             | LBRACE RBRACE

   10 DeclarationsAndStatements: Statement DeclarationsAndStatements
   11                          | Declaration DeclarationsAndStatements
   12                          | Statement
   13                          | Declaration

   14 FunctionDeclaration: TypeSpec FunctionDeclarator RBRACE
   15                    | TypeSpec FunctionDeclarator SEMI

   16 FunctionDeclarator: ID LPAR ParameterList RPAR

   17 ParameterList: ParameterListAux

   18 ParameterListAux: ParameterDeclaration COMMA ParameterListAux
   19                 | ParameterDeclaration

   20 ParameterDeclaration: TypeSpec ID
   21                     | TypeSpec

   22 Declaration: TypeSpec DeclaratorAux SEMI
   23            | error SEMI

   24 DeclaratorAux: DeclaratorAux COMMA Declarator
   25              | Declarator

   26 TypeSpec: CHAR
   27         | INT
   28         | VOID
   29         | SHORT
   30         | DOUBLE

   31 Declarator: ID
   32           | ID ASSIGN ExprAux

   33 Statement: LBRACE StatementList RBRACE
   34          | IF LPAR ExprAux RPAR StatementAux
   35          | IF LPAR ExprAux RPAR StatementAux ELSE StatementAux
   36          | WHILE LPAR ExprAux RPAR Statement
   37          | RETURN SEMI
   38          | RETURN ExprAux SEMI
   39          | ExprAux SEMI
   40          | LBRACE RBRACE
   41          | LBRACE error RBRACE
   42          | SEMI

   43 StatementList: StatementAux StatementList
   44              | StatementAux

   45 StatementAux: Statement
   46             | error SEMI

   47 Expr: Expr ASSIGN Expr
   48     | Expr PLUS Expr
   49     | Expr MINUS Expr
   50     | Expr MUL Expr
   51     | Expr DIV Expr
   52     | Expr MOD Expr
   53     | Expr OR Expr
   54     | Expr AND Expr
   55     | Expr BITWISEAND Expr
   56     | Expr BITWISEOR Expr
   57     | Expr BITWISEXOR Expr
   58     | Expr EQ Expr
   59     | Expr NE Expr
   60     | Expr LE Expr
   61     | Expr GE Expr
   62     | Expr LT Expr
   63     | Expr GT Expr
   64     | PLUS Expr
   65     | MINUS Expr
   66     | NOT Expr
   67     | ID LPAR Expr ExprAuxAux RPAR
   68     | ID LPAR RPAR
   69     | ID
   70     | NATURAL
   71     | CHRLIT
   72     | DECIMAL
   73     | LPAR ExprAux RPAR
   74     | LPAR error RPAR
   75     | ID LPAR error RPAR

   76 ExprAux: ExprAux COMMA Expr
   77        | Expr

   78 ExprAuxAux: COMMA Expr ExprAuxAux
   79           | ε


Terminals, with rules where they appear

    $end (0) 0
    error (256) 23 41 46 74 75
    CHAR (258) 26
    INT (259) 27
    VOID (260) 28
    SHORT (261) 29
    DOUBLE (262) 30
    PLUS (263) 48 64
    MINUS (264) 49 65
    MUL (265) 50
    DIV (266) 51
    MOD (267) 52
    OR (268) 53
    AND (269) 54
    BITWISEAND (270) 55
    BITWISEOR (271) 56
    BITWISEXOR (272) 57
    EQ (273) 58
    NE (274) 59
    LE (275) 60
    GE (276) 61
    LT (277) 62
    GT (278) 63
    ASSIGN (279) 32 47
    COMMA (280) 18 24 76 78
    NOT (281) 66
    LPAR (282) 16 34 35 36 67 68 73 74 75
    RPAR (283) 16 34 35 36 67 68 73 74 75
    LBRACE (284) 8 9 33 40 41
    RBRACE (285) 8 9 14 33 40 41
    SEMI (286) 15 22 23 37 38 39 42 46
    IF (287) 34 35
    ELSE (288) 35
    WHILE (289) 36
    RETURN (290) 37 38
    CHRLIT <value> (291) 71
    DECIMAL <value> (292) 72
    NATURAL <value> (293) 70
    RESERVED <value> (294)
    ID <value> (295) 16 20 31 32 67 68 69 75


Nonterminals, with rules where they appear

    $accept (41)
        on left: 0
    Program <no> (42)
        on left: 1
        on right: 0
    FunctionsAndDeclarations <no> (43)
        on left: 2 3 4
        on right: 1 5
    FunctionsAndDeclarationsList <no> (44)
        on left: 5 6
        on right: 2 3 4
    FunctionDefinition <no> (45)
        on left: 7
        on right: 2
    FunctionBody <no> (46)
        on left: 8 9
        on right: 7
    DeclarationsAndStatements <no> (47)
        on left: 10 11 12 13
        on right: 8 10 11
    FunctionDeclaration <no> (48)
        on left: 14 15
        on right: 3
    FunctionDeclarator <no> (49)
        on left: 16
        on right: 7 14 15
    ParameterList <no> (50)
        on left: 17
        on right: 16
    ParameterListAux <no> (51)
        on left: 18 19
        on right: 17 18
    ParameterDeclaration <no> (52)
        on left: 20 21
        on right: 18 19
    Declaration <no> (53)
        on left: 22 23
        on right: 4 11 13
    DeclaratorAux <no> (54)
        on left: 24 25
        on right: 22 24
    TypeSpec <no> (55)
        on left: 26 27 28 29 30
        on right: 7 14 15 20 21 22
    Declarator <no> (56)
        on left: 31 32
        on right: 24 25
    Statement <no> (57)
        on left: 33 34 35 36 37 38 39 40 41 42
        on right: 10 12 36 45
    StatementList <no> (58)
        on left: 43 44
        on right: 33 43
    StatementAux <no> (59)
        on left: 45 46
        on right: 34 35 43 44
    Expr <no> (60)
        on left: 47 48 49 50 51 52 53 54 55 56 57 58 59 60 61 62 63 64 65 66 67 68 69 70 71 72 73 74 75
        on right: 47 48 49 50 51 52 53 54 55 56 57 58 59 60 61 62 63 64 65 66 67 76 77 78
    ExprAux <no> (61)
        on left: 76 77
        on right: 32 34 35 36 38 39 73 76
    ExprAuxAux <no> (62)
        on left: 78 79
        on right: 67 78


State 0

    0 $accept: • Program $end

    error   shift, and go to state 1
    CHAR    shift, and go to state 2
    INT     shift, and go to state 3
    VOID    shift, and go to state 4
    SHORT   shift, and go to state 5
    DOUBLE  shift, and go to state 6

    Program                   go to state 7
    FunctionsAndDeclarations  go to state 8
    FunctionDefinition        go to state 9
    FunctionDeclaration       go to state 10
    Declaration               go to state 11
    TypeSpec                  go to state 12


State 1

   23 Declaration: error • SEMI

    SEMI  shift, and go to state 13


State 2

   26 TypeSpec: CHAR •

    $default  reduce using rule 26 (TypeSpec)


State 3

   27 TypeSpec: INT •

    $default  reduce using rule 27 (TypeSpec)


State 4

   28 TypeSpec: VOID •

    $default  reduce using rule 28 (TypeSpec)


State 5

   29 TypeSpec: SHORT •

    $default  reduce using rule 29 (TypeSpec)


State 6

   30 TypeSpec: DOUBLE •

    $default  reduce using rule 30 (TypeSpec)


State 7

    0 $accept: Program • $end

    $end  shift, and go to state 14


State 8

    1 Program: FunctionsAndDeclarations •

    $default  reduce using rule 1 (Program)


State 9

    2 FunctionsAndDeclarations: FunctionDefinition • FunctionsAndDeclarationsList

    error   shift, and go to state 1
    CHAR    shift, and go to state 2
    INT     shift, and go to state 3
    VOID    shift, and go to state 4
    SHORT   shift, and go to state 5
    DOUBLE  shift, and go to state 6

    $end  reduce using rule 6 (FunctionsAndDeclarationsList)

    FunctionsAndDeclarations      go to state 15
    FunctionsAndDeclarationsList  go to state 16
    FunctionDefinition            go to state 9
    FunctionDeclaration           go to state 10
    Declaration                   go to state 11
    TypeSpec                      go to state 12


State 10

    3 FunctionsAndDeclarations: FunctionDeclaration • FunctionsAndDeclarationsList

    error   shift, and go to state 1
    CHAR    shift, and go to state 2
    INT     shift, and go to state 3
    VOID    shift, and go to state 4
    SHORT   shift, and go to state 5
    DOUBLE  shift, and go to state 6

    $end  reduce using rule 6 (FunctionsAndDeclarationsList)

    FunctionsAndDeclarations      go to state 15
    FunctionsAndDeclarationsList  go to state 17
    FunctionDefinition            go to state 9
    FunctionDeclaration           go to state 10
    Declaration                   go to state 11
    TypeSpec                      go to state 12


State 11

    4 FunctionsAndDeclarations: Declaration • FunctionsAndDeclarationsList

    error   shift, and go to state 1
    CHAR    shift, and go to state 2
    INT     shift, and go to state 3
    VOID    shift, and go to state 4
    SHORT   shift, and go to state 5
    DOUBLE  shift, and go to state 6

    $end  reduce using rule 6 (FunctionsAndDeclarationsList)

    FunctionsAndDeclarations      go to state 15
    FunctionsAndDeclarationsList  go to state 18
    FunctionDefinition            go to state 9
    FunctionDeclaration           go to state 10
    Declaration                   go to state 11
    TypeSpec                      go to state 12


State 12

    7 FunctionDefinition: TypeSpec • FunctionDeclarator FunctionBody
   14 FunctionDeclaration: TypeSpec • FunctionDeclarator RBRACE
   15                    | TypeSpec • FunctionDeclarator SEMI
   22 Declaration: TypeSpec • DeclaratorAux SEMI

    ID  shift, and go to state 19

    FunctionDeclarator  go to state 20
    DeclaratorAux       go to state 21
    Declarator          go to state 22


State 13

   23 Declaration: error SEMI •

    $default  reduce using rule 23 (Declaration)


State 14

    0 $accept: Program $end •

    $default  accept


State 15

    5 FunctionsAndDeclarationsList: FunctionsAndDeclarations •

    $default  reduce using rule 5 (FunctionsAndDeclarationsList)


State 16

    2 FunctionsAndDeclarations: FunctionDefinition FunctionsAndDeclarationsList •

    $default  reduce using rule 2 (FunctionsAndDeclarations)


State 17

    3 FunctionsAndDeclarations: FunctionDeclaration FunctionsAndDeclarationsList •

    $default  reduce using rule 3 (FunctionsAndDeclarations)


State 18

    4 FunctionsAndDeclarations: Declaration FunctionsAndDeclarationsList •

    $default  reduce using rule 4 (FunctionsAndDeclarations)


State 19

   16 FunctionDeclarator: ID • LPAR ParameterList RPAR
   31 Declarator: ID •
   32           | ID • ASSIGN ExprAux

    ASSIGN  shift, and go to state 23
    LPAR    shift, and go to state 24

    $default  reduce using rule 31 (Declarator)


State 20

    7 FunctionDefinition: TypeSpec FunctionDeclarator • FunctionBody
   14 FunctionDeclaration: TypeSpec FunctionDeclarator • RBRACE
   15                    | TypeSpec FunctionDeclarator • SEMI

    LBRACE  shift, and go to state 25
    RBRACE  shift, and go to state 26
    SEMI    shift, and go to state 27

    FunctionBody  go to state 28


State 21

   22 Declaration: TypeSpec DeclaratorAux • SEMI
   24 DeclaratorAux: DeclaratorAux • COMMA Declarator

    COMMA  shift, and go to state 29
    SEMI   shift, and go to state 30


State 22

   25 DeclaratorAux: Declarator •

    $default  reduce using rule 25 (DeclaratorAux)


State 23

   32 Declarator: ID ASSIGN • ExprAux

    PLUS     shift, and go to state 31
    MINUS    shift, and go to state 32
    NOT      shift, and go to state 33
    LPAR     shift, and go to state 34
    CHRLIT   shift, and go to state 35
    DECIMAL  shift, and go to state 36
    NATURAL  shift, and go to state 37
    ID       shift, and go to state 38

    Expr     go to state 39
    ExprAux  go to state 40


State 24

   16 FunctionDeclarator: ID LPAR • ParameterList RPAR

    CHAR    shift, and go to state 2
    INT     shift, and go to state 3
    VOID    shift, and go to state 4
    SHORT   shift, and go to state 5
    DOUBLE  shift, and go to state 6

    ParameterList         go to state 41
    ParameterListAux      go to state 42
    ParameterDeclaration  go to state 43
    TypeSpec              go to state 44


State 25

    8 FunctionBody: LBRACE • DeclarationsAndStatements RBRACE
    9             | LBRACE • RBRACE

    error    shift, and go to state 1
    CHAR     shift, and go to state 2
    INT      shift, and go to state 3
    VOID     shift, and go to state 4
    SHORT    shift, and go to state 5
    DOUBLE   shift, and go to state 6
    PLUS     shift, and go to state 31
    MINUS    shift, and go to state 32
    NOT      shift, and go to state 33
    LPAR     shift, and go to state 34
    LBRACE   shift, and go to state 45
    RBRACE   shift, and go to state 46
    SEMI     shift, and go to state 47
    IF       shift, and go to state 48
    WHILE    shift, and go to state 49
    RETURN   shift, and go to state 50
    CHRLIT   shift, and go to state 35
    DECIMAL  shift, and go to state 36
    NATURAL  shift, and go to state 37
    ID       shift, and go to state 38

    DeclarationsAndStatements  go to state 51
    Declaration                go to state 52
    TypeSpec                   go to state 53
    Statement                  go to state 54
    Expr                       go to state 39
    ExprAux                    go to state 55


State 26

   14 FunctionDeclaration: TypeSpec FunctionDeclarator RBRACE •

    $default  reduce using rule 14 (FunctionDeclaration)


State 27

   15 FunctionDeclaration: TypeSpec FunctionDeclarator SEMI •

    $default  reduce using rule 15 (FunctionDeclaration)


State 28

    7 FunctionDefinition: TypeSpec FunctionDeclarator FunctionBody •

    $default  reduce using rule 7 (FunctionDefinition)


State 29

   24 DeclaratorAux: DeclaratorAux COMMA • Declarator

    ID  shift, and go to state 56

    Declarator  go to state 57


State 30

   22 Declaration: TypeSpec DeclaratorAux SEMI •

    $default  reduce using rule 22 (Declaration)


State 31

   64 Expr: PLUS • Expr

    PLUS     shift, and go to state 31
    MINUS    shift, and go to state 32
    NOT      shift, and go to state 33
    LPAR     shift, and go to state 34
    CHRLIT   shift, and go to state 35
    DECIMAL  shift, and go to state 36
    NATURAL  shift, and go to state 37
    ID       shift, and go to state 38

    Expr  go to state 58


State 32

   65 Expr: MINUS • Expr

    PLUS     shift, and go to state 31
    MINUS    shift, and go to state 32
    NOT      shift, and go to state 33
    LPAR     shift, and go to state 34
    CHRLIT   shift, and go to state 35
    DECIMAL  shift, and go to state 36
    NATURAL  shift, and go to state 37
    ID       shift, and go to state 38

    Expr  go to state 59


State 33

   66 Expr: NOT • Expr

    PLUS     shift, and go to state 31
    MINUS    shift, and go to state 32
    NOT      shift, and go to state 33
    LPAR     shift, and go to state 34
    CHRLIT   shift, and go to state 35
    DECIMAL  shift, and go to state 36
    NATURAL  shift, and go to state 37
    ID       shift, and go to state 38

    Expr  go to state 60


State 34

   73 Expr: LPAR • ExprAux RPAR
   74     | LPAR • error RPAR

    error    shift, and go to state 61
    PLUS     shift, and go to state 31
    MINUS    shift, and go to state 32
    NOT      shift, and go to state 33
    LPAR     shift, and go to state 34
    CHRLIT   shift, and go to state 35
    DECIMAL  shift, and go to state 36
    NATURAL  shift, and go to state 37
    ID       shift, and go to state 38

    Expr     go to state 39
    ExprAux  go to state 62


State 35

   71 Expr: CHRLIT •

    $default  reduce using rule 71 (Expr)


State 36

   72 Expr: DECIMAL •

    $default  reduce using rule 72 (Expr)


State 37

   70 Expr: NATURAL •

    $default  reduce using rule 70 (Expr)


State 38

   67 Expr: ID • LPAR Expr ExprAuxAux RPAR
   68     | ID • LPAR RPAR
   69     | ID •
   75     | ID • LPAR error RPAR

    LPAR  shift, and go to state 63

    $default  reduce using rule 69 (Expr)


State 39

   47 Expr: Expr • ASSIGN Expr
   48     | Expr • PLUS Expr
   49     | Expr • MINUS Expr
   50     | Expr • MUL Expr
   51     | Expr • DIV Expr
   52     | Expr • MOD Expr
   53     | Expr • OR Expr
   54     | Expr • AND Expr
   55     | Expr • BITWISEAND Expr
   56     | Expr • BITWISEOR Expr
   57     | Expr • BITWISEXOR Expr
   58     | Expr • EQ Expr
   59     | Expr • NE Expr
   60     | Expr • LE Expr
   61     | Expr • GE Expr
   62     | Expr • LT Expr
   63     | Expr • GT Expr
   77 ExprAux: Expr •

    PLUS        shift, and go to state 64
    MINUS       shift, and go to state 65
    MUL         shift, and go to state 66
    DIV         shift, and go to state 67
    MOD         shift, and go to state 68
    OR          shift, and go to state 69
    AND         shift, and go to state 70
    BITWISEAND  shift, and go to state 71
    BITWISEOR   shift, and go to state 72
    BITWISEXOR  shift, and go to state 73
    EQ          shift, and go to state 74
    NE          shift, and go to state 75
    LE          shift, and go to state 76
    GE          shift, and go to state 77
    LT          shift, and go to state 78
    GT          shift, and go to state 79
    ASSIGN      shift, and go to state 80

    $default  reduce using rule 77 (ExprAux)


State 40

   32 Declarator: ID ASSIGN ExprAux •
   76 ExprAux: ExprAux • COMMA Expr

    $default  reduce using rule 32 (Declarator)


State 41

   16 FunctionDeclarator: ID LPAR ParameterList • RPAR

    RPAR  shift, and go to state 82


State 42

   17 ParameterList: ParameterListAux •

    $default  reduce using rule 17 (ParameterList)


State 43

   18 ParameterListAux: ParameterDeclaration • COMMA ParameterListAux
   19                 | ParameterDeclaration •

    COMMA  shift, and go to state 83

    $default  reduce using rule 19 (ParameterListAux)


State 44

   20 ParameterDeclaration: TypeSpec • ID
   21                     | TypeSpec •

    ID  shift, and go to state 84

    $default  reduce using rule 21 (ParameterDeclaration)


State 45

   33 Statement: LBRACE • StatementList RBRACE
   40          | LBRACE • RBRACE
   41          | LBRACE • error RBRACE

    error    shift, and go to state 85
    PLUS     shift, and go to state 31
    MINUS    shift, and go to state 32
    NOT      shift, and go to state 33
    LPAR     shift, and go to state 34
    LBRACE   shift, and go to state 45
    RBRACE   shift, and go to state 86
    SEMI     shift, and go to state 47
    IF       shift, and go to state 48
    WHILE    shift, and go to state 49
    RETURN   shift, and go to state 50
    CHRLIT   shift, and go to state 35
    DECIMAL  shift, and go to state 36
    NATURAL  shift, and go to state 37
    ID       shift, and go to state 38

    Statement      go to state 87
    StatementList  go to state 88
    StatementAux   go to state 89
    Expr           go to state 39
    ExprAux        go to state 55


State 46

    9 FunctionBody: LBRACE RBRACE •

    $default  reduce using rule 9 (FunctionBody)


State 47

   42 Statement: SEMI •

    $default  reduce using rule 42 (Statement)


State 48

   34 Statement: IF • LPAR ExprAux RPAR StatementAux
   35          | IF • LPAR ExprAux RPAR StatementAux ELSE StatementAux

    LPAR  shift, and go to state 90


State 49

   36 Statement: WHILE • LPAR ExprAux RPAR Statement

    LPAR  shift, and go to state 91


State 50

   37 Statement: RETURN • SEMI
   38          | RETURN • ExprAux SEMI

    PLUS     shift, and go to state 31
    MINUS    shift, and go to state 32
    NOT      shift, and go to state 33
    LPAR     shift, and go to state 34
    SEMI     shift, and go to state 92
    CHRLIT   shift, and go to state 35
    DECIMAL  shift, and go to state 36
    NATURAL  shift, and go to state 37
    ID       shift, and go to state 38

    Expr     go to state 39
    ExprAux  go to state 93


State 51

    8 FunctionBody: LBRACE DeclarationsAndStatements • RBRACE

    RBRACE  shift, and go to state 94


State 52

   11 DeclarationsAndStatements: Declaration • DeclarationsAndStatements
   13                          | Declaration •

    error    shift, and go to state 1
    CHAR     shift, and go to state 2
    INT      shift, and go to state 3
    VOID     shift, and go to state 4
    SHORT    shift, and go to state 5
    DOUBLE   shift, and go to state 6
    PLUS     shift, and go to state 31
    MINUS    shift, and go to state 32
    NOT      shift, and go to state 33
    LPAR     shift, and go to state 34
    LBRACE   shift, and go to state 45
    SEMI     shift, and go to state 47
    IF       shift, and go to state 48
    WHILE    shift, and go to state 49
    RETURN   shift, and go to state 50
    CHRLIT   shift, and go to state 35
    DECIMAL  shift, and go to state 36
    NATURAL  shift, and go to state 37
    ID       shift, and go to state 38

    RBRACE  reduce using rule 13 (DeclarationsAndStatements)

    DeclarationsAndStatements  go to state 95
    Declaration                go to state 52
    TypeSpec                   go to state 53
    Statement                  go to state 54
    Expr                       go to state 39
    ExprAux                    go to state 55


State 53

   22 Declaration: TypeSpec • DeclaratorAux SEMI

    ID  shift, and go to state 56

    DeclaratorAux  go to state 21
    Declarator     go to state 22


State 54

   10 DeclarationsAndStatements: Statement • DeclarationsAndStatements
   12                          | Statement •

    error    shift, and go to state 1
    CHAR     shift, and go to state 2
    INT      shift, and go to state 3
    VOID     shift, and go to state 4
    SHORT    shift, and go to state 5
    DOUBLE   shift, and go to state 6
    PLUS     shift, and go to state 31
    MINUS    shift, and go to state 32
    NOT      shift, and go to state 33
    LPAR     shift, and go to state 34
    LBRACE   shift, and go to state 45
    SEMI     shift, and go to state 47
    IF       shift, and go to state 48
    WHILE    shift, and go to state 49
    RETURN   shift, and go to state 50
    CHRLIT   shift, and go to state 35
    DECIMAL  shift, and go to state 36
    NATURAL  shift, and go to state 37
    ID       shift, and go to state 38

    RBRACE  reduce using rule 12 (DeclarationsAndStatements)

    DeclarationsAndStatements  go to state 96
    Declaration                go to state 52
    TypeSpec                   go to state 53
    Statement                  go to state 54
    Expr                       go to state 39
    ExprAux                    go to state 55


State 55

   39 Statement: ExprAux • SEMI
   76 ExprAux: ExprAux • COMMA Expr

    COMMA  shift, and go to state 81
    SEMI   shift, and go to state 97


State 56

   31 Declarator: ID •
   32           | ID • ASSIGN ExprAux

    ASSIGN  shift, and go to state 23

    $default  reduce using rule 31 (Declarator)


State 57

   24 DeclaratorAux: DeclaratorAux COMMA Declarator •

    $default  reduce using rule 24 (DeclaratorAux)


State 58

   47 Expr: Expr • ASSIGN Expr
   48     | Expr • PLUS Expr
   49     | Expr • MINUS Expr
   50     | Expr • MUL Expr
   51     | Expr • DIV Expr
   52     | Expr • MOD Expr
   53     | Expr • OR Expr
   54     | Expr • AND Expr
   55     | Expr • BITWISEAND Expr
   56     | Expr • BITWISEOR Expr
   57     | Expr • BITWISEXOR Expr
   58     | Expr • EQ Expr
   59     | Expr • NE Expr
   60     | Expr • LE Expr
   61     | Expr • GE Expr
   62     | Expr • LT Expr
   63     | Expr • GT Expr
   64     | PLUS Expr •

    $default  reduce using rule 64 (Expr)


State 59

   47 Expr: Expr • ASSIGN Expr
   48     | Expr • PLUS Expr
   49     | Expr • MINUS Expr
   50     | Expr • MUL Expr
   51     | Expr • DIV Expr
   52     | Expr • MOD Expr
   53     | Expr • OR Expr
   54     | Expr • AND Expr
   55     | Expr • BITWISEAND Expr
   56     | Expr • BITWISEOR Expr
   57     | Expr • BITWISEXOR Expr
   58     | Expr • EQ Expr
   59     | Expr • NE Expr
   60     | Expr • LE Expr
   61     | Expr • GE Expr
   62     | Expr • LT Expr
   63     | Expr • GT Expr
   65     | MINUS Expr •

    $default  reduce using rule 65 (Expr)


State 60

   47 Expr: Expr • ASSIGN Expr
   48     | Expr • PLUS Expr
   49     | Expr • MINUS Expr
   50     | Expr • MUL Expr
   51     | Expr • DIV Expr
   52     | Expr • MOD Expr
   53     | Expr • OR Expr
   54     | Expr • AND Expr
   55     | Expr • BITWISEAND Expr
   56     | Expr • BITWISEOR Expr
   57     | Expr • BITWISEXOR Expr
   58     | Expr • EQ Expr
   59     | Expr • NE Expr
   60     | Expr • LE Expr
   61     | Expr • GE Expr
   62     | Expr • LT Expr
   63     | Expr • GT Expr
   66     | NOT Expr •

    $default  reduce using rule 66 (Expr)


State 61

   74 Expr: LPAR error • RPAR

    RPAR  shift, and go to state 98


State 62

   73 Expr: LPAR ExprAux • RPAR
   76 ExprAux: ExprAux • COMMA Expr

    COMMA  shift, and go to state 81
    RPAR   shift, and go to state 99


State 63

   67 Expr: ID LPAR • Expr ExprAuxAux RPAR
   68     | ID LPAR • RPAR
   75     | ID LPAR • error RPAR

    error    shift, and go to state 100
    PLUS     shift, and go to state 31
    MINUS    shift, and go to state 32
    NOT      shift, and go to state 33
    LPAR     shift, and go to state 34
    RPAR     shift, and go to state 101
    CHRLIT   shift, and go to state 35
    DECIMAL  shift, and go to state 36
    NATURAL  shift, and go to state 37
    ID       shift, and go to state 38

    Expr  go to state 102


State 64

   48 Expr: Expr PLUS • Expr

    PLUS     shift, and go to state 31
    MINUS    shift, and go to state 32
    NOT      shift, and go to state 33
    LPAR     shift, and go to state 34
    CHRLIT   shift, and go to state 35
    DECIMAL  shift, and go to state 36
    NATURAL  shift, and go to state 37
    ID       shift, and go to state 38

    Expr  go to state 103


State 65

   49 Expr: Expr MINUS • Expr

    PLUS     shift, and go to state 31
    MINUS    shift, and go to state 32
    NOT      shift, and go to state 33
    LPAR     shift, and go to state 34
    CHRLIT   shift, and go to state 35
    DECIMAL  shift, and go to state 36
    NATURAL  shift, and go to state 37
    ID       shift, and go to state 38

    Expr  go to state 104


State 66

   50 Expr: Expr MUL • Expr

    PLUS     shift, and go to state 31
    MINUS    shift, and go to state 32
    NOT      shift, and go to state 33
    LPAR     shift, and go to state 34
    CHRLIT   shift, and go to state 35
    DECIMAL  shift, and go to state 36
    NATURAL  shift, and go to state 37
    ID       shift, and go to state 38

    Expr  go to state 105


State 67

   51 Expr: Expr DIV • Expr

    PLUS     shift, and go to state 31
    MINUS    shift, and go to state 32
    NOT      shift, and go to state 33
    LPAR     shift, and go to state 34
    CHRLIT   shift, and go to state 35
    DECIMAL  shift, and go to state 36
    NATURAL  shift, and go to state 37
    ID       shift, and go to state 38

    Expr  go to state 106


State 68

   52 Expr: Expr MOD • Expr

    PLUS     shift, and go to state 31
    MINUS    shift, and go to state 32
    NOT      shift, and go to state 33
    LPAR     shift, and go to state 34
    CHRLIT   shift, and go to state 35
    DECIMAL  shift, and go to state 36
    NATURAL  shift, and go to state 37
    ID       shift, and go to state 38

    Expr  go to state 107


State 69

   53 Expr: Expr OR • Expr

    PLUS     shift, and go to state 31
    MINUS    shift, and go to state 32
    NOT      shift, and go to state 33
    LPAR     shift, and go to state 34
    CHRLIT   shift, and go to state 35
    DECIMAL  shift, and go to state 36
    NATURAL  shift, and go to state 37
    ID       shift, and go to state 38

    Expr  go to state 108


State 70

   54 Expr: Expr AND • Expr

    PLUS     shift, and go to state 31
    MINUS    shift, and go to state 32
    NOT      shift, and go to state 33
    LPAR     shift, and go to state 34
    CHRLIT   shift, and go to state 35
    DECIMAL  shift, and go to state 36
    NATURAL  shift, and go to state 37
    ID       shift, and go to state 38

    Expr  go to state 109


State 71

   55 Expr: Expr BITWISEAND • Expr

    PLUS     shift, and go to state 31
    MINUS    shift, and go to state 32
    NOT      shift, and go to state 33
    LPAR     shift, and go to state 34
    CHRLIT   shift, and go to state 35
    DECIMAL  shift, and go to state 36
    NATURAL  shift, and go to state 37
    ID       shift, and go to state 38

    Expr  go to state 110


State 72

   56 Expr: Expr BITWISEOR • Expr

    PLUS     shift, and go to state 31
    MINUS    shift, and go to state 32
    NOT      shift, and go to state 33
    LPAR     shift, and go to state 34
    CHRLIT   shift, and go to state 35
    DECIMAL  shift, and go to state 36
    NATURAL  shift, and go to state 37
    ID       shift, and go to state 38

    Expr  go to state 111


State 73

   57 Expr: Expr BITWISEXOR • Expr

    PLUS     shift, and go to state 31
    MINUS    shift, and go to state 32
    NOT      shift, and go to state 33
    LPAR     shift, and go to state 34
    CHRLIT   shift, and go to state 35
    DECIMAL  shift, and go to state 36
    NATURAL  shift, and go to state 37
    ID       shift, and go to state 38

    Expr  go to state 112


State 74

   58 Expr: Expr EQ • Expr

    PLUS     shift, and go to state 31
    MINUS    shift, and go to state 32
    NOT      shift, and go to state 33
    LPAR     shift, and go to state 34
    CHRLIT   shift, and go to state 35
    DECIMAL  shift, and go to state 36
    NATURAL  shift, and go to state 37
    ID       shift, and go to state 38

    Expr  go to state 113


State 75

   59 Expr: Expr NE • Expr

    PLUS     shift, and go to state 31
    MINUS    shift, and go to state 32
    NOT      shift, and go to state 33
    LPAR     shift, and go to state 34
    CHRLIT   shift, and go to state 35
    DECIMAL  shift, and go to state 36
    NATURAL  shift, and go to state 37
    ID       shift, and go to state 38

    Expr  go to state 114


State 76

   60 Expr: Expr LE • Expr

    PLUS     shift, and go to state 31
    MINUS    shift, and go to state 32
    NOT      shift, and go to state 33
    LPAR     shift, and go to state 34
    CHRLIT   shift, and go to state 35
    DECIMAL  shift, and go to state 36
    NATURAL  shift, and go to state 37
    ID       shift, and go to state 38

    Expr  go to state 115


State 77

   61 Expr: Expr GE • Expr

    PLUS     shift, and go to state 31
    MINUS    shift, and go to state 32
    NOT      shift, and go to state 33
    LPAR     shift, and go to state 34
    CHRLIT   shift, and go to state 35
    DECIMAL  shift, and go to state 36
    NATURAL  shift, and go to state 37
    ID       shift, and go to state 38

    Expr  go to state 116


State 78

   62 Expr: Expr LT • Expr

    PLUS     shift, and go to state 31
    MINUS    shift, and go to state 32
    NOT      shift, and go to state 33
    LPAR     shift, and go to state 34
    CHRLIT   shift, and go to state 35
    DECIMAL  shift, and go to state 36
    NATURAL  shift, and go to state 37
    ID       shift, and go to state 38

    Expr  go to state 117


State 79

   63 Expr: Expr GT • Expr

    PLUS     shift, and go to state 31
    MINUS    shift, and go to state 32
    NOT      shift, and go to state 33
    LPAR     shift, and go to state 34
    CHRLIT   shift, and go to state 35
    DECIMAL  shift, and go to state 36
    NATURAL  shift, and go to state 37
    ID       shift, and go to state 38

    Expr  go to state 118


State 80

   47 Expr: Expr ASSIGN • Expr

    PLUS     shift, and go to state 31
    MINUS    shift, and go to state 32
    NOT      shift, and go to state 33
    LPAR     shift, and go to state 34
    CHRLIT   shift, and go to state 35
    DECIMAL  shift, and go to state 36
    NATURAL  shift, and go to state 37
    ID       shift, and go to state 38

    Expr  go to state 119


State 81

   76 ExprAux: ExprAux COMMA • Expr

    PLUS     shift, and go to state 31
    MINUS    shift, and go to state 32
    NOT      shift, and go to state 33
    LPAR     shift, and go to state 34
    CHRLIT   shift, and go to state 35
    DECIMAL  shift, and go to state 36
    NATURAL  shift, and go to state 37
    ID       shift, and go to state 38

    Expr  go to state 120


State 82

   16 FunctionDeclarator: ID LPAR ParameterList RPAR •

    $default  reduce using rule 16 (FunctionDeclarator)


State 83

   18 ParameterListAux: ParameterDeclaration COMMA • ParameterListAux

    CHAR    shift, and go to state 2
    INT     shift, and go to state 3
    VOID    shift, and go to state 4
    SHORT   shift, and go to state 5
    DOUBLE  shift, and go to state 6

    ParameterListAux      go to state 121
    ParameterDeclaration  go to state 43
    TypeSpec              go to state 44


State 84

   20 ParameterDeclaration: TypeSpec ID •

    $default  reduce using rule 20 (ParameterDeclaration)


State 85

   41 Statement: LBRACE error • RBRACE
   46 StatementAux: error • SEMI

    RBRACE  shift, and go to state 122
    SEMI    shift, and go to state 123


State 86

   40 Statement: LBRACE RBRACE •

    $default  reduce using rule 40 (Statement)


State 87

   45 StatementAux: Statement •

    $default  reduce using rule 45 (StatementAux)


State 88

   33 Statement: LBRACE StatementList • RBRACE

    RBRACE  shift, and go to state 124


State 89

   43 StatementList: StatementAux • StatementList
   44              | StatementAux •

    error    shift, and go to state 125
    PLUS     shift, and go to state 31
    MINUS    shift, and go to state 32
    NOT      shift, and go to state 33
    LPAR     shift, and go to state 34
    LBRACE   shift, and go to state 45
    SEMI     shift, and go to state 47
    IF       shift, and go to state 48
    WHILE    shift, and go to state 49
    RETURN   shift, and go to state 50
    CHRLIT   shift, and go to state 35
    DECIMAL  shift, and go to state 36
    NATURAL  shift, and go to state 37
    ID       shift, and go to state 38

    RBRACE  reduce using rule 44 (StatementList)

    Statement      go to state 87
    StatementList  go to state 126
    StatementAux   go to state 89
    Expr           go to state 39
    ExprAux        go to state 55


State 90

   34 Statement: IF LPAR • ExprAux RPAR StatementAux
   35          | IF LPAR • ExprAux RPAR StatementAux ELSE StatementAux

    PLUS     shift, and go to state 31
    MINUS    shift, and go to state 32
    NOT      shift, and go to state 33
    LPAR     shift, and go to state 34
    CHRLIT   shift, and go to state 35
    DECIMAL  shift, and go to state 36
    NATURAL  shift, and go to state 37
    ID       shift, and go to state 38

    Expr     go to state 39
    ExprAux  go to state 127


State 91

   36 Statement: WHILE LPAR • ExprAux RPAR Statement

    PLUS     shift, and go to state 31
    MINUS    shift, and go to state 32
    NOT      shift, and go to state 33
    LPAR     shift, and go to state 34
    CHRLIT   shift, and go to state 35
    DECIMAL  shift, and go to state 36
    NATURAL  shift, and go to state 37
    ID       shift, and go to state 38

    Expr     go to state 39
    ExprAux  go to state 128


State 92

   37 Statement: RETURN SEMI •

    $default  reduce using rule 37 (Statement)


State 93

   38 Statement: RETURN ExprAux • SEMI
   76 ExprAux: ExprAux • COMMA Expr

    COMMA  shift, and go to state 81
    SEMI   shift, and go to state 129


State 94

    8 FunctionBody: LBRACE DeclarationsAndStatements RBRACE •

    $default  reduce using rule 8 (FunctionBody)


State 95

   11 DeclarationsAndStatements: Declaration DeclarationsAndStatements •

    $default  reduce using rule 11 (DeclarationsAndStatements)


State 96

   10 DeclarationsAndStatements: Statement DeclarationsAndStatements •

    $default  reduce using rule 10 (DeclarationsAndStatements)


State 97

   39 Statement: ExprAux SEMI •

    $default  reduce using rule 39 (Statement)


State 98

   74 Expr: LPAR error RPAR •

    $default  reduce using rule 74 (Expr)


State 99

   73 Expr: LPAR ExprAux RPAR •

    $default  reduce using rule 73 (Expr)


State 100

   75 Expr: ID LPAR error • RPAR

    RPAR  shift, and go to state 130


State 101

   68 Expr: ID LPAR RPAR •

    $default  reduce using rule 68 (Expr)


State 102

   47 Expr: Expr • ASSIGN Expr
   48     | Expr • PLUS Expr
   49     | Expr • MINUS Expr
   50     | Expr • MUL Expr
   51     | Expr • DIV Expr
   52     | Expr • MOD Expr
   53     | Expr • OR Expr
   54     | Expr • AND Expr
   55     | Expr • BITWISEAND Expr
   56     | Expr • BITWISEOR Expr
   57     | Expr • BITWISEXOR Expr
   58     | Expr • EQ Expr
   59     | Expr • NE Expr
   60     | Expr • LE Expr
   61     | Expr • GE Expr
   62     | Expr • LT Expr
   63     | Expr • GT Expr
   67     | ID LPAR Expr • ExprAuxAux RPAR

    PLUS        shift, and go to state 64
    MINUS       shift, and go to state 65
    MUL         shift, and go to state 66
    DIV         shift, and go to state 67
    MOD         shift, and go to state 68
    OR          shift, and go to state 69
    AND         shift, and go to state 70
    BITWISEAND  shift, and go to state 71
    BITWISEOR   shift, and go to state 72
    BITWISEXOR  shift, and go to state 73
    EQ          shift, and go to state 74
    NE          shift, and go to state 75
    LE          shift, and go to state 76
    GE          shift, and go to state 77
    LT          shift, and go to state 78
    GT          shift, and go to state 79
    ASSIGN      shift, and go to state 80
    COMMA       shift, and go to state 131

    $default  reduce using rule 79 (ExprAuxAux)

    ExprAuxAux  go to state 132


State 103

   47 Expr: Expr • ASSIGN Expr
   48     | Expr • PLUS Expr
   48     | Expr PLUS Expr •
   49     | Expr • MINUS Expr
   50     | Expr • MUL Expr
   51     | Expr • DIV Expr
   52     | Expr • MOD Expr
   53     | Expr • OR Expr
   54     | Expr • AND Expr
   55     | Expr • BITWISEAND Expr
   56     | Expr • BITWISEOR Expr
   57     | Expr • BITWISEXOR Expr
   58     | Expr • EQ Expr
   59     | Expr • NE Expr
   60     | Expr • LE Expr
   61     | Expr • GE Expr
   62     | Expr • LT Expr
   63     | Expr • GT Expr

    MUL  shift, and go to state 66
    DIV  shift, and go to state 67
    MOD  shift, and go to state 68

    $default  reduce using rule 48 (Expr)


State 104

   47 Expr: Expr • ASSIGN Expr
   48     | Expr • PLUS Expr
   49     | Expr • MINUS Expr
   49     | Expr MINUS Expr •
   50     | Expr • MUL Expr
   51     | Expr • DIV Expr
   52     | Expr • MOD Expr
   53     | Expr • OR Expr
   54     | Expr • AND Expr
   55     | Expr • BITWISEAND Expr
   56     | Expr • BITWISEOR Expr
   57     | Expr • BITWISEXOR Expr
   58     | Expr • EQ Expr
   59     | Expr • NE Expr
   60     | Expr • LE Expr
   61     | Expr • GE Expr
   62     | Expr • LT Expr
   63     | Expr • GT Expr

    MUL  shift, and go to state 66
    DIV  shift, and go to state 67
    MOD  shift, and go to state 68

    $default  reduce using rule 49 (Expr)


State 105

   47 Expr: Expr • ASSIGN Expr
   48     | Expr • PLUS Expr
   49     | Expr • MINUS Expr
   50     | Expr • MUL Expr
   50     | Expr MUL Expr •
   51     | Expr • DIV Expr
   52     | Expr • MOD Expr
   53     | Expr • OR Expr
   54     | Expr • AND Expr
   55     | Expr • BITWISEAND Expr
   56     | Expr • BITWISEOR Expr
   57     | Expr • BITWISEXOR Expr
   58     | Expr • EQ Expr
   59     | Expr • NE Expr
   60     | Expr • LE Expr
   61     | Expr • GE Expr
   62     | Expr • LT Expr
   63     | Expr • GT Expr

    $default  reduce using rule 50 (Expr)


State 106

   47 Expr: Expr • ASSIGN Expr
   48     | Expr • PLUS Expr
   49     | Expr • MINUS Expr
   50     | Expr • MUL Expr
   51     | Expr • DIV Expr
   51     | Expr DIV Expr •
   52     | Expr • MOD Expr
   53     | Expr • OR Expr
   54     | Expr • AND Expr
   55     | Expr • BITWISEAND Expr
   56     | Expr • BITWISEOR Expr
   57     | Expr • BITWISEXOR Expr
   58     | Expr • EQ Expr
   59     | Expr • NE Expr
   60     | Expr • LE Expr
   61     | Expr • GE Expr
   62     | Expr • LT Expr
   63     | Expr • GT Expr

    $default  reduce using rule 51 (Expr)


State 107

   47 Expr: Expr • ASSIGN Expr
   48     | Expr • PLUS Expr
   49     | Expr • MINUS Expr
   50     | Expr • MUL Expr
   51     | Expr • DIV Expr
   52     | Expr • MOD Expr
   52     | Expr MOD Expr •
   53     | Expr • OR Expr
   54     | Expr • AND Expr
   55     | Expr • BITWISEAND Expr
   56     | Expr • BITWISEOR Expr
   57     | Expr • BITWISEXOR Expr
   58     | Expr • EQ Expr
   59     | Expr • NE Expr
   60     | Expr • LE Expr
   61     | Expr • GE Expr
   62     | Expr • LT Expr
   63     | Expr • GT Expr

    $default  reduce using rule 52 (Expr)


State 108

   47 Expr: Expr • ASSIGN Expr
   48     | Expr • PLUS Expr
   49     | Expr • MINUS Expr
   50     | Expr • MUL Expr
   51     | Expr • DIV Expr
   52     | Expr • MOD Expr
   53     | Expr • OR Expr
   53     | Expr OR Expr •
   54     | Expr • AND Expr
   55     | Expr • BITWISEAND Expr
   56     | Expr • BITWISEOR Expr
   57     | Expr • BITWISEXOR Expr
   58     | Expr • EQ Expr
   59     | Expr • NE Expr
   60     | Expr • LE Expr
   61     | Expr • GE Expr
   62     | Expr • LT Expr
   63     | Expr • GT Expr

    PLUS        shift, and go to state 64
    MINUS       shift, and go to state 65
    MUL         shift, and go to state 66
    DIV         shift, and go to state 67
    MOD         shift, and go to state 68
    AND         shift, and go to state 70
    BITWISEAND  shift, and go to state 71
    BITWISEOR   shift, and go to state 72
    BITWISEXOR  shift, and go to state 73
    EQ          shift, and go to state 74
    NE          shift, and go to state 75
    LE          shift, and go to state 76
    GE          shift, and go to state 77
    LT          shift, and go to state 78
    GT          shift, and go to state 79

    $default  reduce using rule 53 (Expr)


State 109

   47 Expr: Expr • ASSIGN Expr
   48     | Expr • PLUS Expr
   49     | Expr • MINUS Expr
   50     | Expr • MUL Expr
   51     | Expr • DIV Expr
   52     | Expr • MOD Expr
   53     | Expr • OR Expr
   54     | Expr • AND Expr
   54     | Expr AND Expr •
   55     | Expr • BITWISEAND Expr
   56     | Expr • BITWISEOR Expr
   57     | Expr • BITWISEXOR Expr
   58     | Expr • EQ Expr
   59     | Expr • NE Expr
   60     | Expr • LE Expr
   61     | Expr • GE Expr
   62     | Expr • LT Expr
   63     | Expr • GT Expr

    PLUS        shift, and go to state 64
    MINUS       shift, and go to state 65
    MUL         shift, and go to state 66
    DIV         shift, and go to state 67
    MOD         shift, and go to state 68
    BITWISEAND  shift, and go to state 71
    BITWISEOR   shift, and go to state 72
    BITWISEXOR  shift, and go to state 73
    EQ          shift, and go to state 74
    NE          shift, and go to state 75
    LE          shift, and go to state 76
    GE          shift, and go to state 77
    LT          shift, and go to state 78
    GT          shift, and go to state 79

    $default  reduce using rule 54 (Expr)


State 110

   47 Expr: Expr • ASSIGN Expr
   48     | Expr • PLUS Expr
   49     | Expr • MINUS Expr
   50     | Expr • MUL Expr
   51     | Expr • DIV Expr
   52     | Expr • MOD Expr
   53     | Expr • OR Expr
   54     | Expr • AND Expr
   55     | Expr • BITWISEAND Expr
   55     | Expr BITWISEAND Expr •
   56     | Expr • BITWISEOR Expr
   57     | Expr • BITWISEXOR Expr
   58     | Expr • EQ Expr
   59     | Expr • NE Expr
   60     | Expr • LE Expr
   61     | Expr • GE Expr
   62     | Expr • LT Expr
   63     | Expr • GT Expr

    PLUS   shift, and go to state 64
    MINUS  shift, and go to state 65
    MUL    shift, and go to state 66
    DIV    shift, and go to state 67
    MOD    shift, and go to state 68
    EQ     shift, and go to state 74
    NE     shift, and go to state 75
    LE     shift, and go to state 76
    GE     shift, and go to state 77
    LT     shift, and go to state 78
    GT     shift, and go to state 79

    $default  reduce using rule 55 (Expr)


State 111

   47 Expr: Expr • ASSIGN Expr
   48     | Expr • PLUS Expr
   49     | Expr • MINUS Expr
   50     | Expr • MUL Expr
   51     | Expr • DIV Expr
   52     | Expr • MOD Expr
   53     | Expr • OR Expr
   54     | Expr • AND Expr
   55     | Expr • BITWISEAND Expr
   56     | Expr • BITWISEOR Expr
   56     | Expr BITWISEOR Expr •
   57     | Expr • BITWISEXOR Expr
   58     | Expr • EQ Expr
   59     | Expr • NE Expr
   60     | Expr • LE Expr
   61     | Expr • GE Expr
   62     | Expr • LT Expr
   63     | Expr • GT Expr

    PLUS        shift, and go to state 64
    MINUS       shift, and go to state 65
    MUL         shift, and go to state 66
    DIV         shift, and go to state 67
    MOD         shift, and go to state 68
    BITWISEAND  shift, and go to state 71
    BITWISEXOR  shift, and go to state 73
    EQ          shift, and go to state 74
    NE          shift, and go to state 75
    LE          shift, and go to state 76
    GE          shift, and go to state 77
    LT          shift, and go to state 78
    GT          shift, and go to state 79

    $default  reduce using rule 56 (Expr)


State 112

   47 Expr: Expr • ASSIGN Expr
   48     | Expr • PLUS Expr
   49     | Expr • MINUS Expr
   50     | Expr • MUL Expr
   51     | Expr • DIV Expr
   52     | Expr • MOD Expr
   53     | Expr • OR Expr
   54     | Expr • AND Expr
   55     | Expr • BITWISEAND Expr
   56     | Expr • BITWISEOR Expr
   57     | Expr • BITWISEXOR Expr
   57     | Expr BITWISEXOR Expr •
   58     | Expr • EQ Expr
   59     | Expr • NE Expr
   60     | Expr • LE Expr
   61     | Expr • GE Expr
   62     | Expr • LT Expr
   63     | Expr • GT Expr

    PLUS        shift, and go to state 64
    MINUS       shift, and go to state 65
    MUL         shift, and go to state 66
    DIV         shift, and go to state 67
    MOD         shift, and go to state 68
    BITWISEAND  shift, and go to state 71
    EQ          shift, and go to state 74
    NE          shift, and go to state 75
    LE          shift, and go to state 76
    GE          shift, and go to state 77
    LT          shift, and go to state 78
    GT          shift, and go to state 79

    $default  reduce using rule 57 (Expr)


State 113

   47 Expr: Expr • ASSIGN Expr
   48     | Expr • PLUS Expr
   49     | Expr • MINUS Expr
   50     | Expr • MUL Expr
   51     | Expr • DIV Expr
   52     | Expr • MOD Expr
   53     | Expr • OR Expr
   54     | Expr • AND Expr
   55     | Expr • BITWISEAND Expr
   56     | Expr • BITWISEOR Expr
   57     | Expr • BITWISEXOR Expr
   58     | Expr • EQ Expr
   58     | Expr EQ Expr •
   59     | Expr • NE Expr
   60     | Expr • LE Expr
   61     | Expr • GE Expr
   62     | Expr • LT Expr
   63     | Expr • GT Expr

    PLUS   shift, and go to state 64
    MINUS  shift, and go to state 65
    MUL    shift, and go to state 66
    DIV    shift, and go to state 67
    MOD    shift, and go to state 68
    LE     shift, and go to state 76
    GE     shift, and go to state 77
    LT     shift, and go to state 78
    GT     shift, and go to state 79

    $default  reduce using rule 58 (Expr)


State 114

   47 Expr: Expr • ASSIGN Expr
   48     | Expr • PLUS Expr
   49     | Expr • MINUS Expr
   50     | Expr • MUL Expr
   51     | Expr • DIV Expr
   52     | Expr • MOD Expr
   53     | Expr • OR Expr
   54     | Expr • AND Expr
   55     | Expr • BITWISEAND Expr
   56     | Expr • BITWISEOR Expr
   57     | Expr • BITWISEXOR Expr
   58     | Expr • EQ Expr
   59     | Expr • NE Expr
   59     | Expr NE Expr •
   60     | Expr • LE Expr
   61     | Expr • GE Expr
   62     | Expr • LT Expr
   63     | Expr • GT Expr

    PLUS   shift, and go to state 64
    MINUS  shift, and go to state 65
    MUL    shift, and go to state 66
    DIV    shift, and go to state 67
    MOD    shift, and go to state 68
    LE     shift, and go to state 76
    GE     shift, and go to state 77
    LT     shift, and go to state 78
    GT     shift, and go to state 79

    $default  reduce using rule 59 (Expr)


State 115

   47 Expr: Expr • ASSIGN Expr
   48     | Expr • PLUS Expr
   49     | Expr • MINUS Expr
   50     | Expr • MUL Expr
   51     | Expr • DIV Expr
   52     | Expr • MOD Expr
   53     | Expr • OR Expr
   54     | Expr • AND Expr
   55     | Expr • BITWISEAND Expr
   56     | Expr • BITWISEOR Expr
   57     | Expr • BITWISEXOR Expr
   58     | Expr • EQ Expr
   59     | Expr • NE Expr
   60     | Expr • LE Expr
   60     | Expr LE Expr •
   61     | Expr • GE Expr
   62     | Expr • LT Expr
   63     | Expr • GT Expr

    PLUS   shift, and go to state 64
    MINUS  shift, and go to state 65
    MUL    shift, and go to state 66
    DIV    shift, and go to state 67
    MOD    shift, and go to state 68

    $default  reduce using rule 60 (Expr)


State 116

   47 Expr: Expr • ASSIGN Expr
   48     | Expr • PLUS Expr
   49     | Expr • MINUS Expr
   50     | Expr • MUL Expr
   51     | Expr • DIV Expr
   52     | Expr • MOD Expr
   53     | Expr • OR Expr
   54     | Expr • AND Expr
   55     | Expr • BITWISEAND Expr
   56     | Expr • BITWISEOR Expr
   57     | Expr • BITWISEXOR Expr
   58     | Expr • EQ Expr
   59     | Expr • NE Expr
   60     | Expr • LE Expr
   61     | Expr • GE Expr
   61     | Expr GE Expr •
   62     | Expr • LT Expr
   63     | Expr • GT Expr

    PLUS   shift, and go to state 64
    MINUS  shift, and go to state 65
    MUL    shift, and go to state 66
    DIV    shift, and go to state 67
    MOD    shift, and go to state 68

    $default  reduce using rule 61 (Expr)


State 117

   47 Expr: Expr • ASSIGN Expr
   48     | Expr • PLUS Expr
   49     | Expr • MINUS Expr
   50     | Expr • MUL Expr
   51     | Expr • DIV Expr
   52     | Expr • MOD Expr
   53     | Expr • OR Expr
   54     | Expr • AND Expr
   55     | Expr • BITWISEAND Expr
   56     | Expr • BITWISEOR Expr
   57     | Expr • BITWISEXOR Expr
   58     | Expr • EQ Expr
   59     | Expr • NE Expr
   60     | Expr • LE Expr
   61     | Expr • GE Expr
   62     | Expr • LT Expr
   62     | Expr LT Expr •
   63     | Expr • GT Expr

    PLUS   shift, and go to state 64
    MINUS  shift, and go to state 65
    MUL    shift, and go to state 66
    DIV    shift, and go to state 67
    MOD    shift, and go to state 68

    $default  reduce using rule 62 (Expr)


State 118

   47 Expr: Expr • ASSIGN Expr
   48     | Expr • PLUS Expr
   49     | Expr • MINUS Expr
   50     | Expr • MUL Expr
   51     | Expr • DIV Expr
   52     | Expr • MOD Expr
   53     | Expr • OR Expr
   54     | Expr • AND Expr
   55     | Expr • BITWISEAND Expr
   56     | Expr • BITWISEOR Expr
   57     | Expr • BITWISEXOR Expr
   58     | Expr • EQ Expr
   59     | Expr • NE Expr
   60     | Expr • LE Expr
   61     | Expr • GE Expr
   62     | Expr • LT Expr
   63     | Expr • GT Expr
   63     | Expr GT Expr •

    PLUS   shift, and go to state 64
    MINUS  shift, and go to state 65
    MUL    shift, and go to state 66
    DIV    shift, and go to state 67
    MOD    shift, and go to state 68

    $default  reduce using rule 63 (Expr)


State 119

   47 Expr: Expr • ASSIGN Expr
   47     | Expr ASSIGN Expr •
   48     | Expr • PLUS Expr
   49     | Expr • MINUS Expr
   50     | Expr • MUL Expr
   51     | Expr • DIV Expr
   52     | Expr • MOD Expr
   53     | Expr • OR Expr
   54     | Expr • AND Expr
   55     | Expr • BITWISEAND Expr
   56     | Expr • BITWISEOR Expr
   57     | Expr • BITWISEXOR Expr
   58     | Expr • EQ Expr
   59     | Expr • NE Expr
   60     | Expr • LE Expr
   61     | Expr • GE Expr
   62     | Expr • LT Expr
   63     | Expr • GT Expr

    PLUS        shift, and go to state 64
    MINUS       shift, and go to state 65
    MUL         shift, and go to state 66
    DIV         shift, and go to state 67
    MOD         shift, and go to state 68
    OR          shift, and go to state 69
    AND         shift, and go to state 70
    BITWISEAND  shift, and go to state 71
    BITWISEOR   shift, and go to state 72
    BITWISEXOR  shift, and go to state 73
    EQ          shift, and go to state 74
    NE          shift, and go to state 75
    LE          shift, and go to state 76
    GE          shift, and go to state 77
    LT          shift, and go to state 78
    GT          shift, and go to state 79
    ASSIGN      shift, and go to state 80

    $default  reduce using rule 47 (Expr)


State 120

   47 Expr: Expr • ASSIGN Expr
   48     | Expr • PLUS Expr
   49     | Expr • MINUS Expr
   50     | Expr • MUL Expr
   51     | Expr • DIV Expr
   52     | Expr • MOD Expr
   53     | Expr • OR Expr
   54     | Expr • AND Expr
   55     | Expr • BITWISEAND Expr
   56     | Expr • BITWISEOR Expr
   57     | Expr • BITWISEXOR Expr
   58     | Expr • EQ Expr
   59     | Expr • NE Expr
   60     | Expr • LE Expr
   61     | Expr • GE Expr
   62     | Expr • LT Expr
   63     | Expr • GT Expr
   76 ExprAux: ExprAux COMMA Expr •

    PLUS        shift, and go to state 64
    MINUS       shift, and go to state 65
    MUL         shift, and go to state 66
    DIV         shift, and go to state 67
    MOD         shift, and go to state 68
    OR          shift, and go to state 69
    AND         shift, and go to state 70
    BITWISEAND  shift, and go to state 71
    BITWISEOR   shift, and go to state 72
    BITWISEXOR  shift, and go to state 73
    EQ          shift, and go to state 74
    NE          shift, and go to state 75
    LE          shift, and go to state 76
    GE          shift, and go to state 77
    LT          shift, and go to state 78
    GT          shift, and go to state 79
    ASSIGN      shift, and go to state 80

    $default  reduce using rule 76 (ExprAux)


State 121

   18 ParameterListAux: ParameterDeclaration COMMA ParameterListAux •

    $default  reduce using rule 18 (ParameterListAux)


State 122

   41 Statement: LBRACE error RBRACE •

    $default  reduce using rule 41 (Statement)


State 123

   46 StatementAux: error SEMI •

    $default  reduce using rule 46 (StatementAux)


State 124

   33 Statement: LBRACE StatementList RBRACE •

    $default  reduce using rule 33 (Statement)


State 125

   46 StatementAux: error • SEMI

    SEMI  shift, and go to state 123


State 126

   43 StatementList: StatementAux StatementList •

    $default  reduce using rule 43 (StatementList)


State 127

   34 Statement: IF LPAR ExprAux • RPAR StatementAux
   35          | IF LPAR ExprAux • RPAR StatementAux ELSE StatementAux
   76 ExprAux: ExprAux • COMMA Expr

    COMMA  shift, and go to state 81
    RPAR   shift, and go to state 133


State 128

   36 Statement: WHILE LPAR ExprAux • RPAR Statement
   76 ExprAux: ExprAux • COMMA Expr

    COMMA  shift, and go to state 81
    RPAR   shift, and go to state 134


State 129

   38 Statement: RETURN ExprAux SEMI •

    $default  reduce using rule 38 (Statement)


State 130

   75 Expr: ID LPAR error RPAR •

    $default  reduce using rule 75 (Expr)


State 131

   78 ExprAuxAux: COMMA • Expr ExprAuxAux

    PLUS     shift, and go to state 31
    MINUS    shift, and go to state 32
    NOT      shift, and go to state 33
    LPAR     shift, and go to state 34
    CHRLIT   shift, and go to state 35
    DECIMAL  shift, and go to state 36
    NATURAL  shift, and go to state 37
    ID       shift, and go to state 38

    Expr  go to state 135


State 132

   67 Expr: ID LPAR Expr ExprAuxAux • RPAR

    RPAR  shift, and go to state 136


State 133

   34 Statement: IF LPAR ExprAux RPAR • StatementAux
   35          | IF LPAR ExprAux RPAR • StatementAux ELSE StatementAux

    error    shift, and go to state 125
    PLUS     shift, and go to state 31
    MINUS    shift, and go to state 32
    NOT      shift, and go to state 33
    LPAR     shift, and go to state 34
    LBRACE   shift, and go to state 45
    SEMI     shift, and go to state 47
    IF       shift, and go to state 48
    WHILE    shift, and go to state 49
    RETURN   shift, and go to state 50
    CHRLIT   shift, and go to state 35
    DECIMAL  shift, and go to state 36
    NATURAL  shift, and go to state 37
    ID       shift, and go to state 38

    Statement     go to state 87
    StatementAux  go to state 137
    Expr          go to state 39
    ExprAux       go to state 55


State 134

   36 Statement: WHILE LPAR ExprAux RPAR • Statement

    PLUS     shift, and go to state 31
    MINUS    shift, and go to state 32
    NOT      shift, and go to state 33
    LPAR     shift, and go to state 34
    LBRACE   shift, and go to state 45
    SEMI     shift, and go to state 47
    IF       shift, and go to state 48
    WHILE    shift, and go to state 49
    RETURN   shift, and go to state 50
    CHRLIT   shift, and go to state 35
    DECIMAL  shift, and go to state 36
    NATURAL  shift, and go to state 37
    ID       shift, and go to state 38

    Statement  go to state 138
    Expr       go to state 39
    ExprAux    go to state 55


State 135

   47 Expr: Expr • ASSIGN Expr
   48     | Expr • PLUS Expr
   49     | Expr • MINUS Expr
   50     | Expr • MUL Expr
   51     | Expr • DIV Expr
   52     | Expr • MOD Expr
   53     | Expr • OR Expr
   54     | Expr • AND Expr
   55     | Expr • BITWISEAND Expr
   56     | Expr • BITWISEOR Expr
   57     | Expr • BITWISEXOR Expr
   58     | Expr • EQ Expr
   59     | Expr • NE Expr
   60     | Expr • LE Expr
   61     | Expr • GE Expr
   62     | Expr • LT Expr
   63     | Expr • GT Expr
   78 ExprAuxAux: COMMA Expr • ExprAuxAux

    PLUS        shift, and go to state 64
    MINUS       shift, and go to state 65
    MUL         shift, and go to state 66
    DIV         shift, and go to state 67
    MOD         shift, and go to state 68
    OR          shift, and go to state 69
    AND         shift, and go to state 70
    BITWISEAND  shift, and go to state 71
    BITWISEOR   shift, and go to state 72
    BITWISEXOR  shift, and go to state 73
    EQ          shift, and go to state 74
    NE          shift, and go to state 75
    LE          shift, and go to state 76
    GE          shift, and go to state 77
    LT          shift, and go to state 78
    GT          shift, and go to state 79
    ASSIGN      shift, and go to state 80
    COMMA       shift, and go to state 131

    $default  reduce using rule 79 (ExprAuxAux)

    ExprAuxAux  go to state 139


State 136

   67 Expr: ID LPAR Expr ExprAuxAux RPAR •

    $default  reduce using rule 67 (Expr)


State 137

   34 Statement: IF LPAR ExprAux RPAR StatementAux •
   35          | IF LPAR ExprAux RPAR StatementAux • ELSE StatementAux

    ELSE  shift, and go to state 140

    $default  reduce using rule 34 (Statement)


State 138

   36 Statement: WHILE LPAR ExprAux RPAR Statement •

    $default  reduce using rule 36 (Statement)


State 139

   78 ExprAuxAux: COMMA Expr ExprAuxAux •

    $default  reduce using rule 78 (ExprAuxAux)


State 140

   35 Statement: IF LPAR ExprAux RPAR StatementAux ELSE • StatementAux

    error    shift, and go to state 125
    PLUS     shift, and go to state 31
    MINUS    shift, and go to state 32
    NOT      shift, and go to state 33
    LPAR     shift, and go to state 34
    LBRACE   shift, and go to state 45
    SEMI     shift, and go to state 47
    IF       shift, and go to state 48
    WHILE    shift, and go to state 49
    RETURN   shift, and go to state 50
    CHRLIT   shift, and go to state 35
    DECIMAL  shift, and go to state 36
    NATURAL  shift, and go to state 37
    ID       shift, and go to state 38

    Statement     go to state 87
    StatementAux  go to state 141
    Expr          go to state 39
    ExprAux       go to state 55


State 141

   35 Statement: IF LPAR ExprAux RPAR StatementAux ELSE StatementAux •

    $default  reduce using rule 35 (Statement)
